Using pre-set license
Built from '2022.3/staging' branch; Version is '2022.3.1f1 (f18e0c1b5784) revision 15830540'; Using compiler version '192829333'; Build Type 'Release'
OS: 'Windows 11  (10.0.22621) 64bit Core' Language: 'fr' Physical Memory: 16021 MB
BatchMode: 1, IsHumanControllingUs: 0, StartBugReporterOnCrash: 0, Is64bit: 1, IsPro: 1

COMMAND LINE ARGUMENTS:
C:\Program Files\Unity\Hub\Editor\2022.3.1f1\Editor\Unity.exe
-adb2
-batchMode
-noUpm
-name
AssetImportWorker0
-projectPath
C:/Users/mathi/Desktop/fctu/Nefertari proto 1
-logFile
Logs/AssetImportWorker0.log
-srvPort
64978
Successfully changed project path to: C:/Users/mathi/Desktop/fctu/Nefertari proto 1
C:/Users/mathi/Desktop/fctu/Nefertari proto 1
[UnityMemory] Configuration Parameters - Can be set up in boot.config
    "memorysetup-bucket-allocator-granularity=16"
    "memorysetup-bucket-allocator-bucket-count=8"
    "memorysetup-bucket-allocator-block-size=33554432"
    "memorysetup-bucket-allocator-block-count=8"
    "memorysetup-main-allocator-block-size=16777216"
    "memorysetup-thread-allocator-block-size=16777216"
    "memorysetup-gfx-main-allocator-block-size=16777216"
    "memorysetup-gfx-thread-allocator-block-size=16777216"
    "memorysetup-cache-allocator-block-size=4194304"
    "memorysetup-typetree-allocator-block-size=2097152"
    "memorysetup-profiler-bucket-allocator-granularity=16"
    "memorysetup-profiler-bucket-allocator-bucket-count=8"
    "memorysetup-profiler-bucket-allocator-block-size=33554432"
    "memorysetup-profiler-bucket-allocator-block-count=8"
    "memorysetup-profiler-allocator-block-size=16777216"
    "memorysetup-profiler-editor-allocator-block-size=1048576"
    "memorysetup-temp-allocator-size-main=16777216"
    "memorysetup-job-temp-allocator-block-size=2097152"
    "memorysetup-job-temp-allocator-block-size-background=1048576"
    "memorysetup-job-temp-allocator-reduction-small-platforms=262144"
    "memorysetup-allocator-temp-initial-block-size-main=262144"
    "memorysetup-allocator-temp-initial-block-size-worker=262144"
    "memorysetup-temp-allocator-size-background-worker=32768"
    "memorysetup-temp-allocator-size-job-worker=262144"
    "memorysetup-temp-allocator-size-preload-manager=33554432"
    "memorysetup-temp-allocator-size-nav-mesh-worker=65536"
    "memorysetup-temp-allocator-size-audio-worker=65536"
    "memorysetup-temp-allocator-size-cloud-worker=32768"
    "memorysetup-temp-allocator-size-gi-baking-worker=262144"
    "memorysetup-temp-allocator-size-gfx=262144"
Player connection [27484] Host "[IP] 192.168.1.105 [Port] 0 [Flags] 2 [Guid] 877433672 [EditorId] 877433672 [Version] 1048832 [Id] WindowsEditor(7,zera-omen) [Debug] 1 [PackageName] WindowsEditor [ProjectName] Editor" joined multi-casting on [225.0.0.222:54997]...

Player connection [27484] Host "[IP] 192.168.1.105 [Port] 0 [Flags] 2 [Guid] 877433672 [EditorId] 877433672 [Version] 1048832 [Id] WindowsEditor(7,zera-omen) [Debug] 1 [PackageName] WindowsEditor [ProjectName] Editor" joined alternative multi-casting on [225.0.0.222:34997]...

Refreshing native plugins compatible for Editor in 1391.71 ms, found 3 plugins.
Preloading 0 native plugins for Editor in 0.00 ms.
Initialize engine version: 2022.3.1f1 (f18e0c1b5784)
[Subsystems] Discovering subsystems at path C:/Program Files/Unity/Hub/Editor/2022.3.1f1/Editor/Data/Resources/UnitySubsystems
[Subsystems] Discovering subsystems at path C:/Users/mathi/Desktop/fctu/Nefertari proto 1/Assets
GfxDevice: creating device client; threaded=0; jobified=0
Direct3D:
    Version:  Direct3D 11.0 [level 11.1]
    Renderer: NVIDIA GeForce RTX 3060 Laptop GPU (ID=0x2520)
    Vendor:   NVIDIA
    VRAM:     6009 MB
    Driver:   31.0.15.3598
Initialize mono
Mono path[0] = 'C:/Program Files/Unity/Hub/Editor/2022.3.1f1/Editor/Data/Managed'
Mono path[1] = 'C:/Program Files/Unity/Hub/Editor/2022.3.1f1/Editor/Data/MonoBleedingEdge/lib/mono/unityjit-win32'
Mono config path = 'C:/Program Files/Unity/Hub/Editor/2022.3.1f1/Editor/Data/MonoBleedingEdge/etc'
Using monoOptions --debugger-agent=transport=dt_socket,embedding=1,server=y,suspend=n,address=127.0.0.1:56736
Begin MonoManager ReloadAssembly
Registering precompiled unity dll's ...
Register platform support module: C:/Program Files/Unity/Hub/Editor/2022.3.1f1/Editor/Data/PlaybackEngines/WebGLSupport/UnityEditor.WebGL.Extensions.dll
Register platform support module: C:/Program Files/Unity/Hub/Editor/2022.3.1f1/Editor/Data/PlaybackEngines/WindowsStandaloneSupport/UnityEditor.WindowsStandalone.Extensions.dll
Registered in 0.162275 seconds.
- Loaded All Assemblies, in  4.783 seconds
Native extension for WindowsStandalone target not found
Native extension for WebGL target not found
Mono: successfully reloaded assembly
- Finished resetting the current domain, in  0.208 seconds
Domain Reload Profiling: 4991ms
	BeginReloadAssembly (3468ms)
		ExecutionOrderSort (0ms)
		DisableScriptedObjects (0ms)
		BackupInstance (0ms)
		ReleaseScriptingObjects (0ms)
		CreateAndSetChildDomain (1ms)
	RebuildCommonClasses (318ms)
	RebuildNativeTypeToScriptingClass (8ms)
	initialDomainReloadingComplete (203ms)
	LoadAllAssembliesAndSetupDomain (784ms)
		LoadAssemblies (3467ms)
		RebuildTransferFunctionScriptingTraits (0ms)
		AnalyzeDomain (780ms)
			TypeCache.Refresh (779ms)
				TypeCache.ScanAssembly (580ms)
			ScanForSourceGeneratedMonoScriptInfo (0ms)
			ResolveRequiredComponents (0ms)
	FinalizeReload (209ms)
		ReleaseScriptCaches (0ms)
		RebuildScriptCaches (0ms)
		SetupLoadedEditorAssemblies (163ms)
			LogAssemblyErrors (0ms)
			InitializePlatformSupportModulesInManaged (7ms)
			SetLoadedEditorAssemblies (4ms)
			RefreshPlugins (0ms)
			BeforeProcessingInitializeOnLoad (2ms)
			ProcessInitializeOnLoadAttributes (109ms)
			ProcessInitializeOnLoadMethodAttributes (41ms)
			AfterProcessingInitializeOnLoad (0ms)
			EditorAssembliesLoaded (0ms)
		ExecutionOrderSort2 (0ms)
		AwakeInstancesAfterBackupRestoration (0ms)
========================================================================
Worker process is ready to serve import requests
Begin MonoManager ReloadAssembly
Symbol file LoadedFromMemory doesn't match image C:\Users\mathi\Desktop\fctu\Nefertari proto 1\Library\PackageCache\com.unity.visualscripting@1.8.0\Editor\VisualScripting.Core\Dependencies\YamlDotNet\Unity.VisualScripting.YamlDotNet.dll
Symbol file LoadedFromMemory doesn't match image C:\Users\mathi\Desktop\fctu\Nefertari proto 1\Library\PackageCache\com.unity.visualscripting@1.8.0\Editor\VisualScripting.Core\Dependencies\DotNetZip\Unity.VisualScripting.IonicZip.dll
- Loaded All Assemblies, in  5.165 seconds
Refreshing native plugins compatible for Editor in 1.96 ms, found 3 plugins.
Native extension for WindowsStandalone target not found
Native extension for WebGL target not found
Mono: successfully reloaded assembly
- Finished resetting the current domain, in  0.380 seconds
Domain Reload Profiling: 5544ms
	BeginReloadAssembly (98ms)
		ExecutionOrderSort (0ms)
		DisableScriptedObjects (5ms)
		BackupInstance (0ms)
		ReleaseScriptingObjects (0ms)
		CreateAndSetChildDomain (16ms)
	RebuildCommonClasses (26ms)
	RebuildNativeTypeToScriptingClass (8ms)
	initialDomainReloadingComplete (32ms)
	LoadAllAssembliesAndSetupDomain (5000ms)
		LoadAssemblies (4635ms)
		RebuildTransferFunctionScriptingTraits (0ms)
		AnalyzeDomain (409ms)
			TypeCache.Refresh (394ms)
				TypeCache.ScanAssembly (355ms)
			ScanForSourceGeneratedMonoScriptInfo (11ms)
			ResolveRequiredComponents (3ms)
	FinalizeReload (381ms)
		ReleaseScriptCaches (0ms)
		RebuildScriptCaches (0ms)
		SetupLoadedEditorAssemblies (266ms)
			LogAssemblyErrors (0ms)
			InitializePlatformSupportModulesInManaged (5ms)
			SetLoadedEditorAssemblies (2ms)
			RefreshPlugins (0ms)
			BeforeProcessingInitializeOnLoad (43ms)
			ProcessInitializeOnLoadAttributes (197ms)
			ProcessInitializeOnLoadMethodAttributes (14ms)
			AfterProcessingInitializeOnLoad (4ms)
			EditorAssembliesLoaded (0ms)
		ExecutionOrderSort2 (0ms)
		AwakeInstancesAfterBackupRestoration (5ms)
Launched and connected shader compiler UnityShaderCompiler.exe after 0.05 seconds
Refreshing native plugins compatible for Editor in 2.22 ms, found 3 plugins.
Preloading 0 native plugins for Editor in 0.00 ms.
Unloading 3094 Unused Serialized files (Serialized files now loaded: 0)
Unloading 33 unused Assets / (56.5 KB). Loaded Objects now: 3562.
Memory consumption went from 116.7 MB to 116.6 MB.
Total: 2.392300 ms (FindLiveObjects: 0.207500 ms CreateObjectMapping: 0.080400 ms MarkObjects: 2.009400 ms  DeleteObjects: 0.094300 ms)

AssetImportParameters requested are different than current active one (requested -> active):
  custom:container-demuxer-ogg: 62fdf1f143b41e24485cea50d1cbac27 -> 
  custom:video-codec-MediaFoundation-h265: 746d11721c4dcdbdad8f713fa42b33f4 -> 
  custom:video-decoder-ogg-theora: a1e56fd34408186e4bbccfd4996cb3dc -> 
  custom:framework-win-MediaFoundation: 216162199b28c13a410421893ffa2e32 -> 
  custom:container-demuxer-webm: 4f35f7cbe854078d1ac9338744f61a02 -> 
  custom:container-muxer-webm: aa71ff27fc2769a1b78a27578f13a17b -> 
  custom:video-decoder-webm-vp8: 9c59270c3fd7afecdb556c50c9e8de78 -> 
  custom:AudioImporter_EditorPlatform: d09bf68614088b80899f8185d706f6e7 -> 
  custom:video-encoder-webm-vp8: eb34c28f22e8b96e1ab97ce403110664 -> 
  custom:audio-decoder-ogg-vorbis: bf7c407c2cedff20999df2af8eb42d56 -> 
  custom:audio-encoder-webm-vorbis: bf7c407c2cedff20999df2af8eb42d56 -> 
========================================================================
Received Import Request.
  Time since last request: 608531.141656 seconds.
  path: Assets/Nokobot
  artifactKey: Guid(2535e64cfa3ec284680157422f71702d) Importer(815301076,1909f56bfc062723c751e8b465ee728b)
Start importing Assets/Nokobot using Guid(2535e64cfa3ec284680157422f71702d) Importer(815301076,1909f56bfc062723c751e8b465ee728b)  -> (artifact id: '24b98f7d2ef8d4cfb9f5b516573f4d1f') in 0.004064 seconds
Number of updated asset objects reloaded before import = 0
Number of asset objects unloaded after import = 0
========================================================================
Received Import Request.
  Time since last request: 0.000020 seconds.
  path: Assets/Nokobot/EgyptianTomb_CatStatue/EgyptianCat.asset
  artifactKey: Guid(ad8449da189a1fc43afade16f1d27b65) Importer(815301076,1909f56bfc062723c751e8b465ee728b)
Start importing Assets/Nokobot/EgyptianTomb_CatStatue/EgyptianCat.asset using Guid(ad8449da189a1fc43afade16f1d27b65) Importer(815301076,1909f56bfc062723c751e8b465ee728b)  -> (artifact id: 'cbfbd531dfd074f3c4561784e654f3fa') in 0.001985 seconds
Number of updated asset objects reloaded before import = 0
Number of asset objects unloaded after import = 1
========================================================================
Received Import Request.
  Time since last request: 13.439999 seconds.
  path: Assets/Nokobot/EgyptianTomb_CatStatue/01_Prefabs
  artifactKey: Guid(c4350fc930dccc44cb29198b0408f6fe) Importer(815301076,1909f56bfc062723c751e8b465ee728b)
Start importing Assets/Nokobot/EgyptianTomb_CatStatue/01_Prefabs using Guid(c4350fc930dccc44cb29198b0408f6fe) Importer(815301076,1909f56bfc062723c751e8b465ee728b)  -> (artifact id: '39474989285d724c0c1bf2958cd9e148') in 0.000369 seconds
Number of updated asset objects reloaded before import = 0
Number of asset objects unloaded after import = 0
========================================================================
Received Import Request.
  Time since last request: 0.072854 seconds.
  path: Assets/Nokobot/EgyptianTomb_CatStatue/01_Prefabs/Cat_Statue.prefab
  artifactKey: Guid(1609fc045200fb14294bfdd17cc92469) Importer(815301076,1909f56bfc062723c751e8b465ee728b)
Start importing Assets/Nokobot/EgyptianTomb_CatStatue/01_Prefabs/Cat_Statue.prefab using Guid(1609fc045200fb14294bfdd17cc92469) Importer(815301076,1909f56bfc062723c751e8b465ee728b)  -> (artifact id: '1c761c9719e1c5f7a374d1faad2c21b6') in 0.280864 seconds
Number of updated asset objects reloaded before import = 0
Number of asset objects unloaded after import = 22
========================================================================
Received Import Request.
  Time since last request: 3.519338 seconds.
  path: Assets/Nokobot/EgyptianTomb_CatStatue/02_Models
  artifactKey: Guid(0cdd7a3c47a3c984585ca2d2b11b0faf) Importer(815301076,1909f56bfc062723c751e8b465ee728b)
Start importing Assets/Nokobot/EgyptianTomb_CatStatue/02_Models using Guid(0cdd7a3c47a3c984585ca2d2b11b0faf) Importer(815301076,1909f56bfc062723c751e8b465ee728b)  -> (artifact id: 'c2b8e8711098434fd46a0adb8e8d39d9') in 0.000574 seconds
Number of updated asset objects reloaded before import = 0
Number of asset objects unloaded after import = 0
========================================================================
Received Import Request.
  Time since last request: 0.055370 seconds.
  path: Assets/Nokobot/EgyptianTomb_CatStatue/02_Models/Statue_Cat.fbx
  artifactKey: Guid(51c2e9b99cdcd68408e242bf07b9d33e) Importer(815301076,1909f56bfc062723c751e8b465ee728b)
Start importing Assets/Nokobot/EgyptianTomb_CatStatue/02_Models/Statue_Cat.fbx using Guid(51c2e9b99cdcd68408e242bf07b9d33e) Importer(815301076,1909f56bfc062723c751e8b465ee728b)  -> (artifact id: 'b1b2794f97efc3344971375c157fac4b') in 0.029234 seconds
Number of updated asset objects reloaded before import = 0
Number of asset objects unloaded after import = 9
========================================================================
Received Import Request.
  Time since last request: 5.697704 seconds.
  path: Assets/Nokobot/EgyptianTomb_CatStatue/03_Materials
  artifactKey: Guid(b268ca4eca7fde446bed1a05797cc995) Importer(815301076,1909f56bfc062723c751e8b465ee728b)
Start importing Assets/Nokobot/EgyptianTomb_CatStatue/03_Materials using Guid(b268ca4eca7fde446bed1a05797cc995) Importer(815301076,1909f56bfc062723c751e8b465ee728b)  -> (artifact id: '9ea7488fe48c6128330b39410f819e9e') in 0.000522 seconds
Number of updated asset objects reloaded before import = 0
Number of asset objects unloaded after import = 0
========================================================================
Received Import Request.
  Time since last request: 0.098833 seconds.
  path: Assets/Nokobot/EgyptianTomb_CatStatue/03_Materials/Statue_Cat.mat
  artifactKey: Guid(240a8c4c2462a00448de5b07863a8194) Importer(815301076,1909f56bfc062723c751e8b465ee728b)
Start importing Assets/Nokobot/EgyptianTomb_CatStatue/03_Materials/Statue_Cat.mat using Guid(240a8c4c2462a00448de5b07863a8194) Importer(815301076,1909f56bfc062723c751e8b465ee728b)  -> (artifact id: 'a94a89343883f09205132d5be02d52b7') in 0.066879 seconds
Number of updated asset objects reloaded before import = 0
Number of asset objects unloaded after import = 4
========================================================================
Received Import Request.
  Time since last request: 5.168035 seconds.
  path: Assets/Nokobot/EgyptianTomb_CatStatue/04_Textures
  artifactKey: Guid(cbbf835d8f005b5408b8ec0bd7fa941a) Importer(815301076,1909f56bfc062723c751e8b465ee728b)
Start importing Assets/Nokobot/EgyptianTomb_CatStatue/04_Textures using Guid(cbbf835d8f005b5408b8ec0bd7fa941a) Importer(815301076,1909f56bfc062723c751e8b465ee728b)  -> (artifact id: '3d8afb7bb5b1f22d10bb3f8dda783c6d') in 0.000452 seconds
Number of updated asset objects reloaded before import = 0
Number of asset objects unloaded after import = 0
========================================================================
Received Import Request.
  Time since last request: 0.065310 seconds.
  path: Assets/Nokobot/EgyptianTomb_CatStatue/04_Textures/Statue_Cat_AlbedoTransparency.png
  artifactKey: Guid(00012b54f39595d4583657b9bf6d53c3) Importer(815301076,1909f56bfc062723c751e8b465ee728b)
Start importing Assets/Nokobot/EgyptianTomb_CatStatue/04_Textures/Statue_Cat_AlbedoTransparency.png using Guid(00012b54f39595d4583657b9bf6d53c3) Importer(815301076,1909f56bfc062723c751e8b465ee728b)  -> (artifact id: '9266fe5286a893c15efba5ed772097dc') in 0.043858 seconds
Number of updated asset objects reloaded before import = 0
Number of asset objects unloaded after import = 2
========================================================================
Received Import Request.
  Time since last request: 0.000017 seconds.
  path: Assets/Nokobot/EgyptianTomb_CatStatue/04_Textures/Statue_Pedestal_MetallicSmoothness.png
  artifactKey: Guid(7b6e8d27baee26143aea01464361a6d6) Importer(815301076,1909f56bfc062723c751e8b465ee728b)
Start importing Assets/Nokobot/EgyptianTomb_CatStatue/04_Textures/Statue_Pedestal_MetallicSmoothness.png using Guid(7b6e8d27baee26143aea01464361a6d6) Importer(815301076,1909f56bfc062723c751e8b465ee728b)  -> (artifact id: 'f7d373b7e2df8e141ea2b091830725ca') in 0.031156 seconds
Number of updated asset objects reloaded before import = 0
Number of asset objects unloaded after import = 2
========================================================================
Received Import Request.
  Time since last request: 0.000017 seconds.
  path: Assets/Nokobot/EgyptianTomb_CatStatue/04_Textures/Statue_Pedestal_AlbedoTransparency.png
  artifactKey: Guid(4fe91dbfdf6b0b245b74f90fd3717560) Importer(815301076,1909f56bfc062723c751e8b465ee728b)
Start importing Assets/Nokobot/EgyptianTomb_CatStatue/04_Textures/Statue_Pedestal_AlbedoTransparency.png using Guid(4fe91dbfdf6b0b245b74f90fd3717560) Importer(815301076,1909f56bfc062723c751e8b465ee728b)  -> (artifact id: '354cf5e2cc1b8ccb23d556313f02ee7c') in 0.019952 seconds
Number of updated asset objects reloaded before import = 0
Number of asset objects unloaded after import = 2
Editor requested this worker to shutdown with reason: Scaling down because of idle timeout
TcpMessagingSession - receive error: operation aborted. errorcode: 995, details: L’opération d’entrée/sortie a été abandonnée en raison de l’arrêt d’un thread ou à la demande d’une application.
AssetImportWorker is now disconnected from the server
Process exiting
Exiting without the bug reporter. Application will terminate with return code 0