Using pre-set license
Built from '2022.3/staging' branch; Version is '2022.3.1f1 (f18e0c1b5784) revision 15830540'; Using compiler version '192829333'; Build Type 'Release'
OS: 'Windows 11  (10.0.22621) 64bit Core' Language: 'fr' Physical Memory: 16021 MB
BatchMode: 1, IsHumanControllingUs: 0, StartBugReporterOnCrash: 0, Is64bit: 1, IsPro: 1

COMMAND LINE ARGUMENTS:
C:\Program Files\Unity\Hub\Editor\2022.3.1f1\Editor\Unity.exe
-adb2
-batchMode
-noUpm
-name
AssetImportWorker2
-projectPath
C:/Users/mathi/Desktop/fctu/Nefertari proto 1
-logFile
Logs/AssetImportWorker2.log
-srvPort
64978
Successfully changed project path to: C:/Users/mathi/Desktop/fctu/Nefertari proto 1
C:/Users/mathi/Desktop/fctu/Nefertari proto 1
[UnityMemory] Configuration Parameters - Can be set up in boot.config
    "memorysetup-bucket-allocator-granularity=16"
    "memorysetup-bucket-allocator-bucket-count=8"
    "memorysetup-bucket-allocator-block-size=33554432"
    "memorysetup-bucket-allocator-block-count=8"
    "memorysetup-main-allocator-block-size=16777216"
    "memorysetup-thread-allocator-block-size=16777216"
    "memorysetup-gfx-main-allocator-block-size=16777216"
    "memorysetup-gfx-thread-allocator-block-size=16777216"
    "memorysetup-cache-allocator-block-size=4194304"
    "memorysetup-typetree-allocator-block-size=2097152"
    "memorysetup-profiler-bucket-allocator-granularity=16"
    "memorysetup-profiler-bucket-allocator-bucket-count=8"
    "memorysetup-profiler-bucket-allocator-block-size=33554432"
    "memorysetup-profiler-bucket-allocator-block-count=8"
    "memorysetup-profiler-allocator-block-size=16777216"
    "memorysetup-profiler-editor-allocator-block-size=1048576"
    "memorysetup-temp-allocator-size-main=16777216"
    "memorysetup-job-temp-allocator-block-size=2097152"
    "memorysetup-job-temp-allocator-block-size-background=1048576"
    "memorysetup-job-temp-allocator-reduction-small-platforms=262144"
    "memorysetup-allocator-temp-initial-block-size-main=262144"
    "memorysetup-allocator-temp-initial-block-size-worker=262144"
    "memorysetup-temp-allocator-size-background-worker=32768"
    "memorysetup-temp-allocator-size-job-worker=262144"
    "memorysetup-temp-allocator-size-preload-manager=33554432"
    "memorysetup-temp-allocator-size-nav-mesh-worker=65536"
    "memorysetup-temp-allocator-size-audio-worker=65536"
    "memorysetup-temp-allocator-size-cloud-worker=32768"
    "memorysetup-temp-allocator-size-gi-baking-worker=262144"
    "memorysetup-temp-allocator-size-gfx=262144"
Player connection [51708] Host "[IP] 192.168.1.105 [Port] 0 [Flags] 2 [Guid] 569994757 [EditorId] 569994757 [Version] 1048832 [Id] WindowsEditor(7,zera-omen) [Debug] 1 [PackageName] WindowsEditor [ProjectName] Editor" joined multi-casting on [225.0.0.222:54997]...

Player connection [51708] Host "[IP] 192.168.1.105 [Port] 0 [Flags] 2 [Guid] 569994757 [EditorId] 569994757 [Version] 1048832 [Id] WindowsEditor(7,zera-omen) [Debug] 1 [PackageName] WindowsEditor [ProjectName] Editor" joined alternative multi-casting on [225.0.0.222:34997]...

Refreshing native plugins compatible for Editor in 5.33 ms, found 3 plugins.
Preloading 0 native plugins for Editor in 0.00 ms.
Initialize engine version: 2022.3.1f1 (f18e0c1b5784)
[Subsystems] Discovering subsystems at path C:/Program Files/Unity/Hub/Editor/2022.3.1f1/Editor/Data/Resources/UnitySubsystems
[Subsystems] Discovering subsystems at path C:/Users/mathi/Desktop/fctu/Nefertari proto 1/Assets
GfxDevice: creating device client; threaded=0; jobified=0
Direct3D:
    Version:  Direct3D 11.0 [level 11.1]
    Renderer: NVIDIA GeForce RTX 3060 Laptop GPU (ID=0x2520)
    Vendor:   NVIDIA
    VRAM:     6009 MB
    Driver:   31.0.15.3598
Initialize mono
Mono path[0] = 'C:/Program Files/Unity/Hub/Editor/2022.3.1f1/Editor/Data/Managed'
Mono path[1] = 'C:/Program Files/Unity/Hub/Editor/2022.3.1f1/Editor/Data/MonoBleedingEdge/lib/mono/unityjit-win32'
Mono config path = 'C:/Program Files/Unity/Hub/Editor/2022.3.1f1/Editor/Data/MonoBleedingEdge/etc'
Using monoOptions --debugger-agent=transport=dt_socket,embedding=1,server=y,suspend=n,address=127.0.0.1:56800
Begin MonoManager ReloadAssembly
Registering precompiled unity dll's ...
Register platform support module: C:/Program Files/Unity/Hub/Editor/2022.3.1f1/Editor/Data/PlaybackEngines/WebGLSupport/UnityEditor.WebGL.Extensions.dll
Register platform support module: C:/Program Files/Unity/Hub/Editor/2022.3.1f1/Editor/Data/PlaybackEngines/WindowsStandaloneSupport/UnityEditor.WindowsStandalone.Extensions.dll
Registered in 0.004116 seconds.
- Loaded All Assemblies, in  0.242 seconds
Native extension for WindowsStandalone target not found
Native extension for WebGL target not found
Mono: successfully reloaded assembly
- Finished resetting the current domain, in  0.195 seconds
Domain Reload Profiling: 436ms
	BeginReloadAssembly (61ms)
		ExecutionOrderSort (0ms)
		DisableScriptedObjects (0ms)
		BackupInstance (0ms)
		ReleaseScriptingObjects (0ms)
		CreateAndSetChildDomain (1ms)
	RebuildCommonClasses (26ms)
	RebuildNativeTypeToScriptingClass (8ms)
	initialDomainReloadingComplete (41ms)
	LoadAllAssembliesAndSetupDomain (105ms)
		LoadAssemblies (60ms)
		RebuildTransferFunctionScriptingTraits (0ms)
		AnalyzeDomain (102ms)
			TypeCache.Refresh (101ms)
				TypeCache.ScanAssembly (93ms)
			ScanForSourceGeneratedMonoScriptInfo (0ms)
			ResolveRequiredComponents (0ms)
	FinalizeReload (195ms)
		ReleaseScriptCaches (0ms)
		RebuildScriptCaches (0ms)
		SetupLoadedEditorAssemblies (151ms)
			LogAssemblyErrors (0ms)
			InitializePlatformSupportModulesInManaged (7ms)
			SetLoadedEditorAssemblies (4ms)
			RefreshPlugins (0ms)
			BeforeProcessingInitializeOnLoad (2ms)
			ProcessInitializeOnLoadAttributes (105ms)
			ProcessInitializeOnLoadMethodAttributes (34ms)
			AfterProcessingInitializeOnLoad (0ms)
			EditorAssembliesLoaded (0ms)
		ExecutionOrderSort2 (0ms)
		AwakeInstancesAfterBackupRestoration (0ms)
========================================================================
Worker process is ready to serve import requests
Begin MonoManager ReloadAssembly
Symbol file LoadedFromMemory doesn't match image C:\Users\mathi\Desktop\fctu\Nefertari proto 1\Library\PackageCache\com.unity.visualscripting@1.8.0\Editor\VisualScripting.Core\Dependencies\YamlDotNet\Unity.VisualScripting.YamlDotNet.dll
Symbol file LoadedFromMemory doesn't match image C:\Users\mathi\Desktop\fctu\Nefertari proto 1\Library\PackageCache\com.unity.visualscripting@1.8.0\Editor\VisualScripting.Core\Dependencies\DotNetZip\Unity.VisualScripting.IonicZip.dll
- Loaded All Assemblies, in  0.508 seconds
Refreshing native plugins compatible for Editor in 2.20 ms, found 3 plugins.
Native extension for WindowsStandalone target not found
Native extension for WebGL target not found
Mono: successfully reloaded assembly
- Finished resetting the current domain, in  0.348 seconds
Domain Reload Profiling: 856ms
	BeginReloadAssembly (92ms)
		ExecutionOrderSort (0ms)
		DisableScriptedObjects (4ms)
		BackupInstance (0ms)
		ReleaseScriptingObjects (0ms)
		CreateAndSetChildDomain (17ms)
	RebuildCommonClasses (23ms)
	RebuildNativeTypeToScriptingClass (8ms)
	initialDomainReloadingComplete (29ms)
	LoadAllAssembliesAndSetupDomain (355ms)
		LoadAssemblies (189ms)
		RebuildTransferFunctionScriptingTraits (0ms)
		AnalyzeDomain (207ms)
			TypeCache.Refresh (194ms)
				TypeCache.ScanAssembly (185ms)
			ScanForSourceGeneratedMonoScriptInfo (10ms)
			ResolveRequiredComponents (3ms)
	FinalizeReload (348ms)
		ReleaseScriptCaches (0ms)
		RebuildScriptCaches (0ms)
		SetupLoadedEditorAssemblies (235ms)
			LogAssemblyErrors (0ms)
			InitializePlatformSupportModulesInManaged (5ms)
			SetLoadedEditorAssemblies (2ms)
			RefreshPlugins (0ms)
			BeforeProcessingInitializeOnLoad (40ms)
			ProcessInitializeOnLoadAttributes (172ms)
			ProcessInitializeOnLoadMethodAttributes (14ms)
			AfterProcessingInitializeOnLoad (3ms)
			EditorAssembliesLoaded (0ms)
		ExecutionOrderSort2 (0ms)
		AwakeInstancesAfterBackupRestoration (4ms)
Launched and connected shader compiler UnityShaderCompiler.exe after 0.03 seconds
Refreshing native plugins compatible for Editor in 3.05 ms, found 3 plugins.
Preloading 0 native plugins for Editor in 0.00 ms.
Unloading 3094 Unused Serialized files (Serialized files now loaded: 0)
Unloading 33 unused Assets / (56.5 KB). Loaded Objects now: 3562.
Memory consumption went from 116.7 MB to 116.6 MB.
Total: 2.561600 ms (FindLiveObjects: 0.193900 ms CreateObjectMapping: 0.072600 ms MarkObjects: 2.203600 ms  DeleteObjects: 0.090800 ms)

AssetImportParameters requested are different than current active one (requested -> active):
  custom:container-demuxer-ogg: 62fdf1f143b41e24485cea50d1cbac27 -> 
  custom:video-codec-MediaFoundation-h265: 746d11721c4dcdbdad8f713fa42b33f4 -> 
  custom:video-decoder-ogg-theora: a1e56fd34408186e4bbccfd4996cb3dc -> 
  custom:framework-win-MediaFoundation: 216162199b28c13a410421893ffa2e32 -> 
  custom:container-demuxer-webm: 4f35f7cbe854078d1ac9338744f61a02 -> 
  custom:container-muxer-webm: aa71ff27fc2769a1b78a27578f13a17b -> 
  custom:video-decoder-webm-vp8: 9c59270c3fd7afecdb556c50c9e8de78 -> 
  custom:AudioImporter_EditorPlatform: d09bf68614088b80899f8185d706f6e7 -> 
  custom:video-encoder-webm-vp8: eb34c28f22e8b96e1ab97ce403110664 -> 
  custom:audio-decoder-ogg-vorbis: bf7c407c2cedff20999df2af8eb42d56 -> 
  custom:audio-encoder-webm-vorbis: bf7c407c2cedff20999df2af8eb42d56 -> 
========================================================================
Received Import Request.
  Time since last request: 608675.009966 seconds.
  path: Assets/VaseEgyptFree
  artifactKey: Guid(6ef49618329611e4aa8772bfd5bef8d8) Importer(815301076,1909f56bfc062723c751e8b465ee728b)
Start importing Assets/VaseEgyptFree using Guid(6ef49618329611e4aa8772bfd5bef8d8) Importer(815301076,1909f56bfc062723c751e8b465ee728b)  -> (artifact id: '1b619d63d18f5daccc7de7bafa8418ef') in 0.002352 seconds
Number of updated asset objects reloaded before import = 0
Number of asset objects unloaded after import = 0
========================================================================
Received Import Request.
  Time since last request: 24.548709 seconds.
  path: Assets/Resources
  artifactKey: Guid(73242791e650a794281116c2f22858eb) Importer(815301076,1909f56bfc062723c751e8b465ee728b)
Start importing Assets/Resources using Guid(73242791e650a794281116c2f22858eb) Importer(815301076,1909f56bfc062723c751e8b465ee728b)  -> (artifact id: '130d381abefc59859ced8081a58385de') in 0.000564 seconds
Number of updated asset objects reloaded before import = 0
Number of asset objects unloaded after import = 0
========================================================================
Received Import Request.
  Time since last request: 0.071436 seconds.
  path: Assets/Resources/DOTweenSettings.asset
  artifactKey: Guid(3aa7ff4cadc109e489c88764b23f0582) Importer(815301076,1909f56bfc062723c751e8b465ee728b)
Start importing Assets/Resources/DOTweenSettings.asset using Guid(3aa7ff4cadc109e489c88764b23f0582) Importer(815301076,1909f56bfc062723c751e8b465ee728b)  -> (artifact id: '967f313f4e87db132a3dfb43aa95e56d') in 0.009516 seconds
Number of updated asset objects reloaded before import = 0
Number of asset objects unloaded after import = 1
========================================================================
Received Import Request.
  Time since last request: 79.704137 seconds.
  path: Assets/Imported
  artifactKey: Guid(1a0069fcf5ee48646b6579257ee2d771) Importer(815301076,1909f56bfc062723c751e8b465ee728b)
Start importing Assets/Imported using Guid(1a0069fcf5ee48646b6579257ee2d771) Importer(815301076,1909f56bfc062723c751e8b465ee728b)  -> (artifact id: '0e89cfa8e78f8495d7560d57f4e1a1b1') in 0.000497 seconds
Number of updated asset objects reloaded before import = 0
Number of asset objects unloaded after import = 0
========================================================================
Received Import Request.
  Time since last request: 1232.278947 seconds.
  path: Assets/Imported/_DesertKits64_Sample
  artifactKey: Guid(2b0c92e98d273564bb3ad1e40c176bc6) Importer(815301076,1909f56bfc062723c751e8b465ee728b)
Start importing Assets/Imported/_DesertKits64_Sample using Guid(2b0c92e98d273564bb3ad1e40c176bc6) Importer(815301076,1909f56bfc062723c751e8b465ee728b)  -> (artifact id: 'f050ae9d290e44a161552c1aaeab2589') in 0.000735 seconds
Number of updated asset objects reloaded before import = 0
Number of asset objects unloaded after import = 0
========================================================================
Received Import Request.
  Time since last request: 1.180240 seconds.
  path: Assets/Imported/_DesertKits64_Sample/ShowcaseScene_Sample.unity
  artifactKey: Guid(ed9be62a5d61eac49b6448f36af8cdf7) Importer(815301076,1909f56bfc062723c751e8b465ee728b)
Start importing Assets/Imported/_DesertKits64_Sample/ShowcaseScene_Sample.unity using Guid(ed9be62a5d61eac49b6448f36af8cdf7) Importer(815301076,1909f56bfc062723c751e8b465ee728b)  -> (artifact id: '781c6fa99b79f101b87d1dfe2ebc15e4') in 0.000450 seconds
Number of updated asset objects reloaded before import = 0
Number of asset objects unloaded after import = 0
========================================================================
Received Prepare
Begin MonoManager ReloadAssembly
Symbol file LoadedFromMemory doesn't match image C:\Users\mathi\Desktop\fctu\Nefertari proto 1\Library\PackageCache\com.unity.visualscripting@1.8.0\Editor\VisualScripting.Core\Dependencies\YamlDotNet\Unity.VisualScripting.YamlDotNet.dll
Symbol file LoadedFromMemory doesn't match image C:\Users\mathi\Desktop\fctu\Nefertari proto 1\Library\PackageCache\com.unity.visualscripting@1.8.0\Editor\VisualScripting.Core\Dependencies\DotNetZip\Unity.VisualScripting.IonicZip.dll
- Loaded All Assemblies, in  0.525 seconds
Refreshing native plugins compatible for Editor in 1.86 ms, found 3 plugins.
Native extension for WindowsStandalone target not found
Native extension for WebGL target not found
Mono: successfully reloaded assembly
- Finished resetting the current domain, in  0.539 seconds
Domain Reload Profiling: 1063ms
	BeginReloadAssembly (111ms)
		ExecutionOrderSort (0ms)
		DisableScriptedObjects (4ms)
		BackupInstance (0ms)
		ReleaseScriptingObjects (0ms)
		CreateAndSetChildDomain (33ms)
	RebuildCommonClasses (25ms)
	RebuildNativeTypeToScriptingClass (8ms)
	initialDomainReloadingComplete (22ms)
	LoadAllAssembliesAndSetupDomain (359ms)
		LoadAssemblies (186ms)
		RebuildTransferFunctionScriptingTraits (0ms)
		AnalyzeDomain (216ms)
			TypeCache.Refresh (213ms)
				TypeCache.ScanAssembly (204ms)
			ScanForSourceGeneratedMonoScriptInfo (0ms)
			ResolveRequiredComponents (3ms)
	FinalizeReload (539ms)
		ReleaseScriptCaches (0ms)
		RebuildScriptCaches (0ms)
		SetupLoadedEditorAssemblies (228ms)
			LogAssemblyErrors (0ms)
			InitializePlatformSupportModulesInManaged (5ms)
			SetLoadedEditorAssemblies (3ms)
			RefreshPlugins (0ms)
			BeforeProcessingInitializeOnLoad (42ms)
			ProcessInitializeOnLoadAttributes (160ms)
			ProcessInitializeOnLoadMethodAttributes (14ms)
			AfterProcessingInitializeOnLoad (4ms)
			EditorAssembliesLoaded (0ms)
		ExecutionOrderSort2 (0ms)
		AwakeInstancesAfterBackupRestoration (6ms)
Refreshing native plugins compatible for Editor in 2.12 ms, found 3 plugins.
Preloading 0 native plugins for Editor in 0.00 ms.
Unloading 3086 Unused Serialized files (Serialized files now loaded: 0)
Unloading 24 unused Assets / (30.5 KB). Loaded Objects now: 3566.
Memory consumption went from 115.5 MB to 115.5 MB.
Total: 2.395500 ms (FindLiveObjects: 0.188800 ms CreateObjectMapping: 0.117100 ms MarkObjects: 2.039500 ms  DeleteObjects: 0.049100 ms)

Prepare: number of updated asset objects reloaded= 0
AssetImportParameters requested are different than current active one (requested -> active):
  custom:container-demuxer-ogg: 62fdf1f143b41e24485cea50d1cbac27 -> 
  custom:video-codec-MediaFoundation-h265: 746d11721c4dcdbdad8f713fa42b33f4 -> 
  custom:video-decoder-ogg-theora: a1e56fd34408186e4bbccfd4996cb3dc -> 
  custom:framework-win-MediaFoundation: 216162199b28c13a410421893ffa2e32 -> 
  custom:container-demuxer-webm: 4f35f7cbe854078d1ac9338744f61a02 -> 
  custom:container-muxer-webm: aa71ff27fc2769a1b78a27578f13a17b -> 
  custom:video-decoder-webm-vp8: 9c59270c3fd7afecdb556c50c9e8de78 -> 
  custom:AudioImporter_EditorPlatform: d09bf68614088b80899f8185d706f6e7 -> 
  custom:video-encoder-webm-vp8: eb34c28f22e8b96e1ab97ce403110664 -> 
  custom:audio-decoder-ogg-vorbis: bf7c407c2cedff20999df2af8eb42d56 -> 
  custom:audio-encoder-webm-vorbis: bf7c407c2cedff20999df2af8eb42d56 -> 
========================================================================
Received Import Request.
  Time since last request: 38.756735 seconds.
  path: Assets/Imported/StylizedHandPaintedDungeon(Free)
  artifactKey: Guid(e808743e09211c949a331cb7b434bbaa) Importer(815301076,1909f56bfc062723c751e8b465ee728b)
Start importing Assets/Imported/StylizedHandPaintedDungeon(Free) using Guid(e808743e09211c949a331cb7b434bbaa) Importer(815301076,1909f56bfc062723c751e8b465ee728b)  -> (artifact id: 'e3bc4dfdc94efa791fe0d6a8eca9a57c') in 0.002444 seconds
Number of updated asset objects reloaded before import = 0
Number of asset objects unloaded after import = 0
========================================================================
Received Import Request.
  Time since last request: 1.701172 seconds.
  path: Assets/Imported/Sand Pillar
  artifactKey: Guid(12766adb63741e746a57894c2a77f9cf) Importer(815301076,1909f56bfc062723c751e8b465ee728b)
Start importing Assets/Imported/Sand Pillar using Guid(12766adb63741e746a57894c2a77f9cf) Importer(815301076,1909f56bfc062723c751e8b465ee728b)  -> (artifact id: 'a369148a8c5fd9cbbc9ab46ba28b72dd') in 0.000399 seconds
Number of updated asset objects reloaded before import = 0
Number of asset objects unloaded after import = 0
========================================================================
Received Import Request.
  Time since last request: 3.207818 seconds.
  path: Assets/Imported/Sand Pillar/Mesh
  artifactKey: Guid(c08c56964f993124593557850d08da51) Importer(815301076,1909f56bfc062723c751e8b465ee728b)
Start importing Assets/Imported/Sand Pillar/Mesh using Guid(c08c56964f993124593557850d08da51) Importer(815301076,1909f56bfc062723c751e8b465ee728b)  -> (artifact id: '5572351fd7b66945548e5fadad5cf3c4') in 0.000353 seconds
Number of updated asset objects reloaded before import = 0
Number of asset objects unloaded after import = 0
========================================================================
Received Import Request.
  Time since last request: 0.064017 seconds.
  path: Assets/Imported/Sand Pillar/Mesh/Sand_Pillar.fbx
  artifactKey: Guid(751c572efaf9e334f8d5662b5fec566c) Importer(815301076,1909f56bfc062723c751e8b465ee728b)
Start importing Assets/Imported/Sand Pillar/Mesh/Sand_Pillar.fbx using Guid(751c572efaf9e334f8d5662b5fec566c) Importer(815301076,1909f56bfc062723c751e8b465ee728b)  -> (artifact id: '67a6bc9a3bd4808fc59156bdc83b66b6') in 0.192198 seconds
Number of updated asset objects reloaded before import = 0
Number of asset objects unloaded after import = 12
========================================================================
Received Import Request.
  Time since last request: 9.423533 seconds.
  path: Assets/Imported/Sand Pillar/Prefab
  artifactKey: Guid(b70c8aceacd427f44964d8b0dd205a1a) Importer(815301076,1909f56bfc062723c751e8b465ee728b)
Start importing Assets/Imported/Sand Pillar/Prefab using Guid(b70c8aceacd427f44964d8b0dd205a1a) Importer(815301076,1909f56bfc062723c751e8b465ee728b)  -> (artifact id: '7df4a441e4719fb0b2e718876ec4cdaa') in 0.000407 seconds
Number of updated asset objects reloaded before import = 0
Number of asset objects unloaded after import = 0
========================================================================
Received Import Request.
  Time since last request: 0.074225 seconds.
  path: Assets/Imported/Sand Pillar/Prefab/Sand_Pillar.prefab
  artifactKey: Guid(7622e996fc1300e4eb8e18a545cd9a51) Importer(815301076,1909f56bfc062723c751e8b465ee728b)
Start importing Assets/Imported/Sand Pillar/Prefab/Sand_Pillar.prefab using Guid(7622e996fc1300e4eb8e18a545cd9a51) Importer(815301076,1909f56bfc062723c751e8b465ee728b)  -> (artifact id: 'c5029ecca8cb33f0c108b9d93aad797d') in 0.015691 seconds
Number of updated asset objects reloaded before import = 0
Number of asset objects unloaded after import = 11
========================================================================
Received Import Request.
  Time since last request: 2.565722 seconds.
  path: Assets/Imported/Sand Pillar/Scene
  artifactKey: Guid(17fb8184f6d3b90459b20d6af227cd12) Importer(815301076,1909f56bfc062723c751e8b465ee728b)
Start importing Assets/Imported/Sand Pillar/Scene using Guid(17fb8184f6d3b90459b20d6af227cd12) Importer(815301076,1909f56bfc062723c751e8b465ee728b)  -> (artifact id: '902e3f436ff0d61291ee3a983bb5c956') in 0.000663 seconds
Number of updated asset objects reloaded before import = 0
Number of asset objects unloaded after import = 0
========================================================================
Received Import Request.
  Time since last request: 1.019838 seconds.
  path: Assets/Imported/Sand Pillar/Scene/Sand Pillar.unity
  artifactKey: Guid(138504ff5c3dd2c4f927f5c01c3c6506) Importer(815301076,1909f56bfc062723c751e8b465ee728b)
Start importing Assets/Imported/Sand Pillar/Scene/Sand Pillar.unity using Guid(138504ff5c3dd2c4f927f5c01c3c6506) Importer(815301076,1909f56bfc062723c751e8b465ee728b)  -> (artifact id: '8d39d06f50e31108572aaf811dfdc625') in 0.000376 seconds
Number of updated asset objects reloaded before import = 0
Number of asset objects unloaded after import = 0
========================================================================
Received Import Request.
  Time since last request: 1.505958 seconds.
  path: Assets/Imported/Sand Pillar/Scene/Sand PillarSettings.lighting
  artifactKey: Guid(a153dc4f9caaa0949b0e070088f03bfe) Importer(815301076,1909f56bfc062723c751e8b465ee728b)
Start importing Assets/Imported/Sand Pillar/Scene/Sand PillarSettings.lighting using Guid(a153dc4f9caaa0949b0e070088f03bfe) Importer(815301076,1909f56bfc062723c751e8b465ee728b) LightingSettings: switching bake backend from 1 to 0.
 -> (artifact id: 'e63b8c7e5c96eb8c020f2865c5c46c82') in 0.000893 seconds
Number of updated asset objects reloaded before import = 0
Number of asset objects unloaded after import = 1
========================================================================
Received Import Request.
  Time since last request: 27.890295 seconds.
  path: Assets/Imported/StylizedHandPaintedDungeon(Free)/Demo
  artifactKey: Guid(9669ff7bf5e8fe546b575a798960b0dd) Importer(815301076,1909f56bfc062723c751e8b465ee728b)
Start importing Assets/Imported/StylizedHandPaintedDungeon(Free)/Demo using Guid(9669ff7bf5e8fe546b575a798960b0dd) Importer(815301076,1909f56bfc062723c751e8b465ee728b)  -> (artifact id: 'dd478ef2b3f0040cae44afa7abae7f67') in 0.000406 seconds
Number of updated asset objects reloaded before import = 0
Number of asset objects unloaded after import = 0
========================================================================
Received Import Request.
  Time since last request: 1.082407 seconds.
  path: Assets/Imported/StylizedHandPaintedDungeon(Free)/Demo/Assets_Preview
  artifactKey: Guid(b2763044381781f4d88d7583ce7015d6) Importer(815301076,1909f56bfc062723c751e8b465ee728b)
Start importing Assets/Imported/StylizedHandPaintedDungeon(Free)/Demo/Assets_Preview using Guid(b2763044381781f4d88d7583ce7015d6) Importer(815301076,1909f56bfc062723c751e8b465ee728b)  -> (artifact id: '0ed80f1adc347118437aba1acc72e58a') in 0.000412 seconds
Number of updated asset objects reloaded before import = 0
Number of asset objects unloaded after import = 0
========================================================================
Received Import Request.
  Time since last request: 0.873976 seconds.
  path: Assets/Imported/StylizedHandPaintedDungeon(Free)/Demo/Assets_Preview/Assets_Preview.unity
  artifactKey: Guid(6f93acd388e1d2549aa45617fe3f6ff1) Importer(815301076,1909f56bfc062723c751e8b465ee728b)
Start importing Assets/Imported/StylizedHandPaintedDungeon(Free)/Demo/Assets_Preview/Assets_Preview.unity using Guid(6f93acd388e1d2549aa45617fe3f6ff1) Importer(815301076,1909f56bfc062723c751e8b465ee728b)  -> (artifact id: '05e4282fe99e49cbc77207a929b97405') in 0.000429 seconds
Number of updated asset objects reloaded before import = 0
Number of asset objects unloaded after import = 0
========================================================================
Received Import Request.
  Time since last request: 14.219300 seconds.
  path: Assets/Imported/StylizedHandPaintedDungeon(Free)/Demo/Demo_Scene
  artifactKey: Guid(71c5b9e24fd2f654b8cf958e198a0df6) Importer(815301076,1909f56bfc062723c751e8b465ee728b)
Start importing Assets/Imported/StylizedHandPaintedDungeon(Free)/Demo/Demo_Scene using Guid(71c5b9e24fd2f654b8cf958e198a0df6) Importer(815301076,1909f56bfc062723c751e8b465ee728b)  -> (artifact id: '4cca3ed37934ce2f85953ceca4b79439') in 0.000376 seconds
Number of updated asset objects reloaded before import = 0
Number of asset objects unloaded after import = 0
========================================================================
Received Import Request.
  Time since last request: 0.881555 seconds.
  path: Assets/Imported/StylizedHandPaintedDungeon(Free)/Demo/Demo_Scene/Demo_Scene
  artifactKey: Guid(96e2fd27c7677f740af43c2b41a0e643) Importer(815301076,1909f56bfc062723c751e8b465ee728b)
Start importing Assets/Imported/StylizedHandPaintedDungeon(Free)/Demo/Demo_Scene/Demo_Scene using Guid(96e2fd27c7677f740af43c2b41a0e643) Importer(815301076,1909f56bfc062723c751e8b465ee728b)  -> (artifact id: 'fa51010a505829291301c55c18691ddd') in 0.000384 seconds
Number of updated asset objects reloaded before import = 0
Number of asset objects unloaded after import = 0
========================================================================
Received Import Request.
  Time since last request: 0.072942 seconds.
  path: Assets/Imported/StylizedHandPaintedDungeon(Free)/Demo/Demo_Scene/Demo_Scene/LightingData.asset
  artifactKey: Guid(a39fe0fef3aa42e40867a60c55b728bc) Importer(815301076,1909f56bfc062723c751e8b465ee728b)
Start importing Assets/Imported/StylizedHandPaintedDungeon(Free)/Demo/Demo_Scene/Demo_Scene/LightingData.asset using Guid(a39fe0fef3aa42e40867a60c55b728bc) Importer(815301076,1909f56bfc062723c751e8b465ee728b)  -> (artifact id: 'c1bcfc27f1b13c6634c2f736aa30a664') in 0.030883 seconds
Number of updated asset objects reloaded before import = 0
Number of asset objects unloaded after import = 1
========================================================================
Received Import Request.
  Time since last request: 0.000076 seconds.
  path: Assets/Imported/StylizedHandPaintedDungeon(Free)/Demo/Demo_Scene/Demo_Scene/Lightmap-0_comp_light.exr
  artifactKey: Guid(9ce2a53ec0650564cb41c97217705c32) Importer(815301076,1909f56bfc062723c751e8b465ee728b)
Start importing Assets/Imported/StylizedHandPaintedDungeon(Free)/Demo/Demo_Scene/Demo_Scene/Lightmap-0_comp_light.exr using Guid(9ce2a53ec0650564cb41c97217705c32) Importer(815301076,1909f56bfc062723c751e8b465ee728b)  -> (artifact id: '5a5e8e3175cc353d2368f86c58b514ea') in 0.021257 seconds
Number of updated asset objects reloaded before import = 0
Number of asset objects unloaded after import = 2
========================================================================
Received Import Request.
  Time since last request: 4.611798 seconds.
  path: Assets/Imported/StylizedHandPaintedDungeon(Free)/Demo/Demo_Scene/Demo_Scene.unity
  artifactKey: Guid(1c6d75eaa80797041a20dd6a10c1f6d2) Importer(815301076,1909f56bfc062723c751e8b465ee728b)
Start importing Assets/Imported/StylizedHandPaintedDungeon(Free)/Demo/Demo_Scene/Demo_Scene.unity using Guid(1c6d75eaa80797041a20dd6a10c1f6d2) Importer(815301076,1909f56bfc062723c751e8b465ee728b)  -> (artifact id: '34eae26950ecf71fbf96048560ce2d2c') in 0.000569 seconds
Number of updated asset objects reloaded before import = 0
Number of asset objects unloaded after import = 0
========================================================================
Received Import Request.
  Time since last request: 40.065908 seconds.
  path: Assets/Imported/StylizedHandPaintedDungeon(Free)/Originals
  artifactKey: Guid(d5294b976d35e52409c2f08d3cc23786) Importer(815301076,1909f56bfc062723c751e8b465ee728b)
Start importing Assets/Imported/StylizedHandPaintedDungeon(Free)/Originals using Guid(d5294b976d35e52409c2f08d3cc23786) Importer(815301076,1909f56bfc062723c751e8b465ee728b)  -> (artifact id: '69ee35f2e3fbee2da4fa8502762035d1') in 0.000489 seconds
Number of updated asset objects reloaded before import = 0
Number of asset objects unloaded after import = 0
========================================================================
Received Import Request.
  Time since last request: 0.065446 seconds.
  path: Assets/Imported/StylizedHandPaintedDungeon(Free)/Originals/Door.fbx
  artifactKey: Guid(1fed90e8722c1334d9b51e0b56f26e4e) Importer(815301076,1909f56bfc062723c751e8b465ee728b)
Start importing Assets/Imported/StylizedHandPaintedDungeon(Free)/Originals/Door.fbx using Guid(1fed90e8722c1334d9b51e0b56f26e4e) Importer(815301076,1909f56bfc062723c751e8b465ee728b)  -> (artifact id: 'c749baa9fa258c9c5dde70dc9e865dc3') in 0.018656 seconds
Number of updated asset objects reloaded before import = 0
Number of asset objects unloaded after import = 7
========================================================================
Received Import Request.
  Time since last request: 0.000021 seconds.
  path: Assets/Imported/StylizedHandPaintedDungeon(Free)/Originals/Lamp_02.fbx
  artifactKey: Guid(495bc5d65ef7c7a47b914d4dd69f0edf) Importer(815301076,1909f56bfc062723c751e8b465ee728b)
Start importing Assets/Imported/StylizedHandPaintedDungeon(Free)/Originals/Lamp_02.fbx using Guid(495bc5d65ef7c7a47b914d4dd69f0edf) Importer(815301076,1909f56bfc062723c751e8b465ee728b)  -> (artifact id: '683413652a926e2122332025ec3dc2c9') in 0.015771 seconds
Number of updated asset objects reloaded before import = 0
Number of asset objects unloaded after import = 7
========================================================================
Received Import Request.
  Time since last request: 0.000017 seconds.
  path: Assets/Imported/StylizedHandPaintedDungeon(Free)/Originals/Pillar.fbx
  artifactKey: Guid(b520dd2e830b53248a9a07d2d9f3f3dd) Importer(815301076,1909f56bfc062723c751e8b465ee728b)
Start importing Assets/Imported/StylizedHandPaintedDungeon(Free)/Originals/Pillar.fbx using Guid(b520dd2e830b53248a9a07d2d9f3f3dd) Importer(815301076,1909f56bfc062723c751e8b465ee728b)  -> (artifact id: '93a03cfef1fb7dc69659c1d4e4d7e41d') in 0.037278 seconds
Number of updated asset objects reloaded before import = 0
Number of asset objects unloaded after import = 8
========================================================================
Received Import Request.
  Time since last request: 0.000023 seconds.
  path: Assets/Imported/StylizedHandPaintedDungeon(Free)/Originals/Lamp_01.fbx
  artifactKey: Guid(80f5a41c215b19a4096e40d8852a7562) Importer(815301076,1909f56bfc062723c751e8b465ee728b)
Start importing Assets/Imported/StylizedHandPaintedDungeon(Free)/Originals/Lamp_01.fbx using Guid(80f5a41c215b19a4096e40d8852a7562) Importer(815301076,1909f56bfc062723c751e8b465ee728b)  -> (artifact id: '7c68e5cc1969ede36d92bcb0851887ba') in 0.014128 seconds
Number of updated asset objects reloaded before import = 0
Number of asset objects unloaded after import = 7
========================================================================
Received Import Request.
  Time since last request: 7.103479 seconds.
  path: Assets/Imported/StylizedHandPaintedDungeon(Free)/Textures/Dungeon_02_Diffuse.tga
  artifactKey: Guid(2ad5769c41feb7749a077e020ed56acb) Importer(815301076,1909f56bfc062723c751e8b465ee728b)
Start importing Assets/Imported/StylizedHandPaintedDungeon(Free)/Textures/Dungeon_02_Diffuse.tga using Guid(2ad5769c41feb7749a077e020ed56acb) Importer(815301076,1909f56bfc062723c751e8b465ee728b)  -> (artifact id: 'f22ed363eb4f5f332d84d43f09d7180e') in 0.011731 seconds
Number of updated asset objects reloaded before import = 0
Number of asset objects unloaded after import = 2
========================================================================
Received Import Request.
  Time since last request: 425.232343 seconds.
  path: Assets/Imported/_DesertKits64_Sample/Prefabs/Boulder_Medium.prefab
  artifactKey: Guid(3f77420e3ad8b0e46afcc1d8a07e9a9e) Importer(815301076,1909f56bfc062723c751e8b465ee728b)
Start importing Assets/Imported/_DesertKits64_Sample/Prefabs/Boulder_Medium.prefab using Guid(3f77420e3ad8b0e46afcc1d8a07e9a9e) Importer(815301076,1909f56bfc062723c751e8b465ee728b)  -> (artifact id: '5c71bf273459be72106937e155d7bc39') in 0.189116 seconds
Number of updated asset objects reloaded before import = 0
Number of asset objects unloaded after import = 10
========================================================================
Received Import Request.
  Time since last request: 0.000022 seconds.
  path: Assets/Imported/_DesertKits64_Sample/Prefabs/Desert_SandPlateMedium.prefab
  artifactKey: Guid(1de93a9fdb990db4ca7f2fe5c2cc7b59) Importer(815301076,1909f56bfc062723c751e8b465ee728b)
Start importing Assets/Imported/_DesertKits64_Sample/Prefabs/Desert_SandPlateMedium.prefab using Guid(1de93a9fdb990db4ca7f2fe5c2cc7b59) Importer(815301076,1909f56bfc062723c751e8b465ee728b)  -> (artifact id: '4e2ca5fb4ecd59f4066376cfe38a8777') in 0.138749 seconds
Number of updated asset objects reloaded before import = 0
Number of asset objects unloaded after import = 10
========================================================================
Received Import Request.
  Time since last request: 0.000029 seconds.
  path: Assets/Imported/_DesertKits64_Sample/Prefabs/Path_End.prefab
  artifactKey: Guid(9cb1558577980be4280eaf6fc9c9f3bf) Importer(815301076,1909f56bfc062723c751e8b465ee728b)
Start importing Assets/Imported/_DesertKits64_Sample/Prefabs/Path_End.prefab using Guid(9cb1558577980be4280eaf6fc9c9f3bf) Importer(815301076,1909f56bfc062723c751e8b465ee728b)  -> (artifact id: '4a760006a6b04fddab912faa55b33239') in 0.014740 seconds
Number of updated asset objects reloaded before import = 0
Number of asset objects unloaded after import = 10
========================================================================
Received Import Request.
  Time since last request: 0.000019 seconds.
  path: Assets/Imported/_DesertKits64_Sample/Prefabs/Desert_Temple_Entrance.prefab
  artifactKey: Guid(2f11a19ee587ed44ca4a72f6d3986f99) Importer(815301076,1909f56bfc062723c751e8b465ee728b)
Start importing Assets/Imported/_DesertKits64_Sample/Prefabs/Desert_Temple_Entrance.prefab using Guid(2f11a19ee587ed44ca4a72f6d3986f99) Importer(815301076,1909f56bfc062723c751e8b465ee728b)  -> (artifact id: '8a69e449c00aea4ccef9140f8e86e854') in 0.011945 seconds
Number of updated asset objects reloaded before import = 0
Number of asset objects unloaded after import = 10
========================================================================
Received Import Request.
  Time since last request: 0.000024 seconds.
  path: Assets/Imported/_DesertKits64_Sample/Prefabs/Desert_Obelisk_Stand.prefab
  artifactKey: Guid(09c2ce84a75b3324fb5c689e5ac6ce7e) Importer(815301076,1909f56bfc062723c751e8b465ee728b)
Start importing Assets/Imported/_DesertKits64_Sample/Prefabs/Desert_Obelisk_Stand.prefab using Guid(09c2ce84a75b3324fb5c689e5ac6ce7e) Importer(815301076,1909f56bfc062723c751e8b465ee728b)  -> (artifact id: '75267587b65029245b0a7bd1f858007c') in 0.012247 seconds
Number of updated asset objects reloaded before import = 0
Number of asset objects unloaded after import = 10
========================================================================
Received Import Request.
  Time since last request: 0.000019 seconds.
  path: Assets/Imported/_DesertKits64_Sample/Prefabs/StoneGroup_Medium.prefab
  artifactKey: Guid(6e659ebd79ad8c5408cd18c2a0e534eb) Importer(815301076,1909f56bfc062723c751e8b465ee728b)
Start importing Assets/Imported/_DesertKits64_Sample/Prefabs/StoneGroup_Medium.prefab using Guid(6e659ebd79ad8c5408cd18c2a0e534eb) Importer(815301076,1909f56bfc062723c751e8b465ee728b)  -> (artifact id: 'af28d496c9a2ebe4c7abde90b25579f1') in 0.014475 seconds
Number of updated asset objects reloaded before import = 0
Number of asset objects unloaded after import = 10
========================================================================
Received Import Request.
  Time since last request: 0.000018 seconds.
  path: Assets/Imported/_DesertKits64_Sample/Prefabs/Desert_Pyramid_Small.prefab
  artifactKey: Guid(a41a0379b3d57cd47984f898fd2c7059) Importer(815301076,1909f56bfc062723c751e8b465ee728b)
Start importing Assets/Imported/_DesertKits64_Sample/Prefabs/Desert_Pyramid_Small.prefab using Guid(a41a0379b3d57cd47984f898fd2c7059) Importer(815301076,1909f56bfc062723c751e8b465ee728b)  -> (artifact id: '6d8eec3dd4c5af1e25da88e96c64e13e') in 0.013229 seconds
Number of updated asset objects reloaded before import = 0
Number of asset objects unloaded after import = 10
Editor requested this worker to shutdown with reason: Scaling down because of idle timeout
TcpMessagingSession - receive error: operation aborted. errorcode: 995, details: L’opération d’entrée/sortie a été abandonnée en raison de l’arrêt d’un thread ou à la demande d’une application.
AssetImportWorker is now disconnected from the server
Process exiting
Exiting without the bug reporter. Application will terminate with return code 0